Following will output the evaluation of the model:
Epoch:1, compute loss cost:9.4814s, train loss:6128.5581, val loss:3933.0703, test loss:20896.0371
Evaluate cost:8.4719s 
 Top5: hr:0.0020, ndcg:0.0013 
 Top10: hr:0.0045, ndcg:0.0022 
 Top15: hr:0.0074, ndcg:0.0031
Epoch:2, compute loss cost:3.5237s, train loss:6128.4023, val loss:3933.0066, test loss:20895.6523
Evaluate cost:7.1637s 
 Top5: hr:0.0021, ndcg:0.0014 
 Top10: hr:0.0045, ndcg:0.0023 
 Top15: hr:0.0076, ndcg:0.0032
Epoch:3, compute loss cost:3.6985s, train loss:6127.5298, val loss:3932.9077, test loss:20895.1426
Evaluate cost:7.0937s 
 Top5: hr:0.0020, ndcg:0.0014 
 Top10: hr:0.0050, ndcg:0.0025 
 Top15: hr:0.0074, ndcg:0.0032
Epoch:4, compute loss cost:3.6541s, train loss:6127.1401, val loss:3932.7463, test loss:20894.3047
Evaluate cost:7.5519s 
 Top5: hr:0.0025, ndcg:0.0016 
 Top10: hr:0.0052, ndcg:0.0026 
 Top15: hr:0.0078, ndcg:0.0034
Epoch:5, compute loss cost:3.5325s, train loss:6125.9009, val loss:3932.4739, test loss:20892.9414
Evaluate cost:7.1528s 
 Top5: hr:0.0031, ndcg:0.0019 
 Top10: hr:0.0056, ndcg:0.0028 
 Top15: hr:0.0086, ndcg:0.0038
Epoch:6, compute loss cost:3.6306s, train loss:6124.0928, val loss:3932.0198, test loss:20890.6855
Evaluate cost:7.0661s 
 Top5: hr:0.0033, ndcg:0.0021 
 Top10: hr:0.0068, ndcg:0.0033 
 Top15: hr:0.0104, ndcg:0.0044
Epoch:7, compute loss cost:3.6750s, train loss:6123.0786, val loss:3931.2668, test loss:20887.0352
Evaluate cost:7.1579s 
 Top5: hr:0.0036, ndcg:0.0024 
 Top10: hr:0.0094, ndcg:0.0045 
 Top15: hr:0.0149, ndcg:0.0062
Epoch:8, compute loss cost:3.6351s, train loss:6120.8467, val loss:3930.1333, test loss:20881.2930
Evaluate cost:7.1000s 
 Top5: hr:0.0066, ndcg:0.0042 
 Top10: hr:0.0145, ndcg:0.0071 
 Top15: hr:0.0243, ndcg:0.0101
Epoch:9, compute loss cost:3.6255s, train loss:6117.6743, val loss:3928.3833, test loss:20872.4590
Evaluate cost:7.1662s 
 Top5: hr:0.0127, ndcg:0.0082 
 Top10: hr:0.0271, ndcg:0.0133 
 Top15: hr:0.0421, ndcg:0.0179
Epoch:10, compute loss cost:3.7235s, train loss:6113.0093, val loss:3925.8120, test loss:20859.2285
Evaluate cost:7.2645s 
 Top5: hr:0.0236, ndcg:0.0155 
 Top10: hr:0.0454, ndcg:0.0234 
 Top15: hr:0.0647, ndcg:0.0293
Epoch:11, compute loss cost:3.8162s, train loss:6107.6504, val loss:3922.1787, test loss:20840.2871
Evaluate cost:7.1542s 
 Top5: hr:0.0371, ndcg:0.0250 
 Top10: hr:0.0662, ndcg:0.0355 
 Top15: hr:0.0942, ndcg:0.0440
Epoch:12, compute loss cost:3.6444s, train loss:6099.4185, val loss:3917.1855, test loss:20814.0254
Evaluate cost:7.1852s 
 Top5: hr:0.0510, ndcg:0.0355 
 Top10: hr:0.0886, ndcg:0.0491 
 Top15: hr:0.1254, ndcg:0.0602
Epoch:13, compute loss cost:3.8703s, train loss:6088.9634, val loss:3910.6133, test loss:20778.8730
Evaluate cost:7.1543s 
 Top5: hr:0.0643, ndcg:0.0449 
 Top10: hr:0.1105, ndcg:0.0616 
 Top15: hr:0.1500, ndcg:0.0735
Epoch:14, compute loss cost:3.7639s, train loss:6074.6528, val loss:3902.0962, test loss:20732.9492
Evaluate cost:7.1874s 
 Top5: hr:0.0771, ndcg:0.0540 
 Top10: hr:0.1291, ndcg:0.0726 
 Top15: hr:0.1704, ndcg:0.0851
Epoch:15, compute loss cost:3.7606s, train loss:6057.1143, val loss:3891.1631, test loss:20673.3125
Evaluate cost:7.1665s 
 Top5: hr:0.0885, ndcg:0.0628 
 Top10: hr:0.1439, ndcg:0.0825 
 Top15: hr:0.1926, ndcg:0.0971
Epoch:16, compute loss cost:3.7344s, train loss:6035.0430, val loss:3877.2617, test loss:20595.9121
Evaluate cost:7.1544s 
 Top5: hr:0.0965, ndcg:0.0696 
 Top10: hr:0.1585, ndcg:0.0917 
 Top15: hr:0.2085, ndcg:0.1068
Epoch:17, compute loss cost:3.7392s, train loss:6005.8179, val loss:3860.4075, test loss:20501.3594
Evaluate cost:7.1683s 
 Top5: hr:0.1031, ndcg:0.0745 
 Top10: hr:0.1687, ndcg:0.0980 
 Top15: hr:0.2219, ndcg:0.1142
Epoch:18, compute loss cost:3.9363s, train loss:5972.4375, val loss:3841.4871, test loss:20395.0410
Evaluate cost:7.1382s 
 Top5: hr:0.1090, ndcg:0.0787 
 Top10: hr:0.1752, ndcg:0.1026 
 Top15: hr:0.2323, ndcg:0.1198
Epoch:19, compute loss cost:3.7763s, train loss:5936.1812, val loss:3820.4368, test loss:20277.3984
Evaluate cost:7.6144s 
 Top5: hr:0.1130, ndcg:0.0817 
 Top10: hr:0.1814, ndcg:0.1063 
 Top15: hr:0.2406, ndcg:0.1242
Epoch:20, compute loss cost:3.7279s, train loss:5894.9341, val loss:3796.9875, test loss:20145.6836
Evaluate cost:7.1383s 
 Top5: hr:0.1160, ndcg:0.0839 
 Top10: hr:0.1884, ndcg:0.1099 
 Top15: hr:0.2443, ndcg:0.1269
Epoch:21, compute loss cost:3.8975s, train loss:5849.0811, val loss:3770.0791, test loss:19995.0078
Evaluate cost:7.1311s 
 Top5: hr:0.1189, ndcg:0.0859 
 Top10: hr:0.1936, ndcg:0.1127 
 Top15: hr:0.2496, ndcg:0.1298
Epoch:22, compute loss cost:3.9100s, train loss:5797.6489, val loss:3738.1448, test loss:19816.8242
Evaluate cost:7.1655s 
 Top5: hr:0.1207, ndcg:0.0876 
 Top10: hr:0.1992, ndcg:0.1159 
 Top15: hr:0.2550, ndcg:0.1328
Epoch:23, compute loss cost:3.8056s, train loss:5735.1821, val loss:3698.7524, test loss:19599.2500
Evaluate cost:7.1102s 
 Top5: hr:0.1248, ndcg:0.0899 
 Top10: hr:0.2020, ndcg:0.1177 
 Top15: hr:0.2595, ndcg:0.1350
Epoch:24, compute loss cost:3.6270s, train loss:5660.8008, val loss:3649.6140, test loss:19327.6836
Evaluate cost:7.1414s 
 Top5: hr:0.1297, ndcg:0.0921 
 Top10: hr:0.2051, ndcg:0.1192 
 Top15: hr:0.2649, ndcg:0.1371
Epoch:25, compute loss cost:3.6660s, train loss:5566.8691, val loss:3588.3931, test loss:18991.6309
Evaluate cost:7.0879s 
 Top5: hr:0.1302, ndcg:0.0935 
 Top10: hr:0.2054, ndcg:0.1207 
 Top15: hr:0.2671, ndcg:0.1392
Epoch:26, compute loss cost:3.7972s, train loss:5450.5220, val loss:3512.7705, test loss:18583.0840
Evaluate cost:7.1587s 
 Top5: hr:0.1318, ndcg:0.0952 
 Top10: hr:0.2085, ndcg:0.1229 
 Top15: hr:0.2696, ndcg:0.1412
Epoch:27, compute loss cost:3.7682s, train loss:5315.9531, val loss:3421.0469, test loss:18092.4375
Evaluate cost:7.0957s 
 Top5: hr:0.1340, ndcg:0.0969 
 Top10: hr:0.2102, ndcg:0.1246 
 Top15: hr:0.2694, ndcg:0.1424
Epoch:28, compute loss cost:3.7885s, train loss:5152.6055, val loss:3311.7290, test loss:17514.6992
Evaluate cost:7.1872s 
 Top5: hr:0.1353, ndcg:0.0980 
 Top10: hr:0.2109, ndcg:0.1254 
 Top15: hr:0.2700, ndcg:0.1432
Epoch:29, compute loss cost:3.7985s, train loss:4968.2456, val loss:3184.1030, test loss:16848.5977
Evaluate cost:7.1756s 
 Top5: hr:0.1346, ndcg:0.0975 
 Top10: hr:0.2085, ndcg:0.1243 
 Top15: hr:0.2663, ndcg:0.1418
Epoch:30, compute loss cost:3.8521s, train loss:4756.5376, val loss:3040.3174, test loss:16106.0840
Evaluate cost:7.6556s 
 Top5: hr:0.1324, ndcg:0.0954 
 Top10: hr:0.2045, ndcg:0.1217 
 Top15: hr:0.2605, ndcg:0.1385
Epoch:31, compute loss cost:3.8539s, train loss:4529.3091, val loss:2883.9143, test loss:15305.3711
Evaluate cost:7.1449s 
 Top5: hr:0.1282, ndcg:0.0925 
 Top10: hr:0.1981, ndcg:0.1179 
 Top15: hr:0.2498, ndcg:0.1335
Epoch:32, compute loss cost:3.9050s, train loss:4282.6787, val loss:2722.2319, test loss:14479.1045
Evaluate cost:7.1528s 
 Top5: hr:0.1231, ndcg:0.0889 
 Top10: hr:0.1884, ndcg:0.1126 
 Top15: hr:0.2402, ndcg:0.1282
Epoch:33, compute loss cost:3.7762s, train loss:4039.5137, val loss:2561.3994, test loss:13660.2461
Evaluate cost:7.0662s 
 Top5: hr:0.1175, ndcg:0.0847 
 Top10: hr:0.1764, ndcg:0.1060 
 Top15: hr:0.2287, ndcg:0.1218
Epoch:34, compute loss cost:3.7027s, train loss:3805.9534, val loss:2409.9463, test loss:12884.6387
Evaluate cost:7.1541s 
 Top5: hr:0.1098, ndcg:0.0800 
 Top10: hr:0.1690, ndcg:0.1013 
 Top15: hr:0.2153, ndcg:0.1153
Epoch:35, compute loss cost:3.6556s, train loss:3584.5652, val loss:2271.7944, test loss:12174.3037
Evaluate cost:7.0586s 
 Top5: hr:0.1057, ndcg:0.0767 
 Top10: hr:0.1625, ndcg:0.0971 
 Top15: hr:0.2074, ndcg:0.1106
Epoch:36, compute loss cost:3.6938s, train loss:3388.5847, val loss:2149.5320, test loss:11539.4004
Evaluate cost:7.1592s 
 Top5: hr:0.1027, ndcg:0.0744 
 Top10: hr:0.1561, ndcg:0.0936 
 Top15: hr:0.1999, ndcg:0.1067
Epoch:37, compute loss cost:3.8313s, train loss:3207.7590, val loss:2042.3611, test loss:10979.4336
Evaluate cost:7.1467s 
 Top5: hr:0.1001, ndcg:0.0724 
 Top10: hr:0.1518, ndcg:0.0909 
 Top15: hr:0.1937, ndcg:0.1035
Epoch:38, compute loss cost:3.6824s, train loss:3054.7336, val loss:1949.0966, test loss:10491.9316
Evaluate cost:7.1541s 
 Top5: hr:0.0979, ndcg:0.0708 
 Top10: hr:0.1492, ndcg:0.0891 
 Top15: hr:0.1883, ndcg:0.1010
Epoch:39, compute loss cost:3.6606s, train loss:2919.6897, val loss:1868.4678, test loss:10067.1797
Evaluate cost:7.1175s 
 Top5: hr:0.0960, ndcg:0.0694 
 Top10: hr:0.1476, ndcg:0.0878 
 Top15: hr:0.1852, ndcg:0.0993
Epoch:40, compute loss cost:3.8869s, train loss:2798.1448, val loss:1798.7438, test loss:9696.4336
Evaluate cost:7.2144s 
 Top5: hr:0.0952, ndcg:0.0686 
 Top10: hr:0.1464, ndcg:0.0868 
 Top15: hr:0.1827, ndcg:0.0979
Epoch:41, compute loss cost:3.6877s, train loss:2696.6819, val loss:1738.5393, test loss:9372.5215
Evaluate cost:7.1526s 
 Top5: hr:0.0949, ndcg:0.0684 
 Top10: hr:0.1448, ndcg:0.0862 
 Top15: hr:0.1819, ndcg:0.0974
Epoch:42, compute loss cost:3.6862s, train loss:2603.1555, val loss:1686.6768, test loss:9091.4873
Evaluate cost:7.0941s 
 Top5: hr:0.0940, ndcg:0.0678 
 Top10: hr:0.1431, ndcg:0.0854 
 Top15: hr:0.1802, ndcg:0.0965
Epoch:43, compute loss cost:3.7907s, train loss:2523.1997, val loss:1641.2177, test loss:8843.8555
Evaluate cost:7.0511s 
 Top5: hr:0.0935, ndcg:0.0677 
 Top10: hr:0.1428, ndcg:0.0853 
 Top15: hr:0.1791, ndcg:0.0963
Epoch:44, compute loss cost:3.6667s, train loss:2455.2520, val loss:1601.5160, test loss:8624.7744
Evaluate cost:7.1660s 
 Top5: hr:0.0936, ndcg:0.0677 
 Top10: hr:0.1421, ndcg:0.0849 
 Top15: hr:0.1781, ndcg:0.0957
Epoch:45, compute loss cost:3.7172s, train loss:2394.6729, val loss:1566.2039, test loss:8428.6562
Evaluate cost:7.6348s 
 Top5: hr:0.0940, ndcg:0.0675 
 Top10: hr:0.1417, ndcg:0.0846 
 Top15: hr:0.1764, ndcg:0.0950
Epoch:46, compute loss cost:3.5079s, train loss:2334.4500, val loss:1534.3470, test loss:8253.5957
Evaluate cost:7.1144s 
 Top5: hr:0.0942, ndcg:0.0677 
 Top10: hr:0.1417, ndcg:0.0846 
 Top15: hr:0.1761, ndcg:0.0950
Epoch:47, compute loss cost:3.7552s, train loss:2287.8311, val loss:1505.6499, test loss:8094.6460
Evaluate cost:7.1765s 
 Top5: hr:0.0946, ndcg:0.0680 
 Top10: hr:0.1409, ndcg:0.0846 
 Top15: hr:0.1744, ndcg:0.0947
Epoch:48, compute loss cost:3.7097s, train loss:2244.2798, val loss:1479.3394, test loss:7949.3691
Evaluate cost:7.1685s 
 Top5: hr:0.0943, ndcg:0.0679 
 Top10: hr:0.1406, ndcg:0.0845 
 Top15: hr:0.1742, ndcg:0.0947
Epoch:49, compute loss cost:3.5620s, train loss:2202.3462, val loss:1455.7007, test loss:7817.1934
Evaluate cost:7.0780s 
 Top5: hr:0.0947, ndcg:0.0682 
 Top10: hr:0.1408, ndcg:0.0847 
 Top15: hr:0.1749, ndcg:0.0949
Epoch:50, compute loss cost:3.6148s, train loss:2162.9299, val loss:1434.1194, test loss:7695.1826
Evaluate cost:7.1514s 
 Top5: hr:0.0945, ndcg:0.0683 
 Top10: hr:0.1406, ndcg:0.0849 
 Top15: hr:0.1757, ndcg:0.0954
Epoch:51, compute loss cost:3.6729s, train loss:2129.5671, val loss:1414.0076, test loss:7582.0684
Evaluate cost:7.0821s 
 Top5: hr:0.0949, ndcg:0.0687 
 Top10: hr:0.1413, ndcg:0.0854 
 Top15: hr:0.1778, ndcg:0.0963
Epoch:52, compute loss cost:3.6954s, train loss:2098.2729, val loss:1395.3296, test loss:7476.2617
Evaluate cost:7.1758s 
 Top5: hr:0.0952, ndcg:0.0690 
 Top10: hr:0.1418, ndcg:0.0858 
 Top15: hr:0.1797, ndcg:0.0971
Epoch:53, compute loss cost:3.7106s, train loss:2062.2979, val loss:1377.8064, test loss:7377.9736
Evaluate cost:7.1546s 
 Top5: hr:0.0960, ndcg:0.0697 
 Top10: hr:0.1428, ndcg:0.0864 
 Top15: hr:0.1820, ndcg:0.0982
Epoch:54, compute loss cost:3.6381s, train loss:2032.8896, val loss:1361.7544, test loss:7286.3481
Evaluate cost:7.1437s 
 Top5: hr:0.0966, ndcg:0.0701 
 Top10: hr:0.1437, ndcg:0.0870 
 Top15: hr:0.1835, ndcg:0.0990
Epoch:55, compute loss cost:3.6201s, train loss:2006.2117, val loss:1346.6691, test loss:7200.4458
Evaluate cost:7.0588s 
 Top5: hr:0.0974, ndcg:0.0707 
 Top10: hr:0.1445, ndcg:0.0875 
 Top15: hr:0.1865, ndcg:0.1001
Epoch:56, compute loss cost:3.7334s, train loss:1981.8378, val loss:1332.3676, test loss:7118.8047
Evaluate cost:7.6676s 
 Top5: hr:0.0984, ndcg:0.0711 
 Top10: hr:0.1462, ndcg:0.0881 
 Top15: hr:0.1870, ndcg:0.1005
Epoch:57, compute loss cost:3.6703s, train loss:1959.4146, val loss:1318.7975, test loss:7042.3228
Evaluate cost:7.0739s 
 Top5: hr:0.0981, ndcg:0.0714 
 Top10: hr:0.1473, ndcg:0.0889 
 Top15: hr:0.1895, ndcg:0.1016
Epoch:58, compute loss cost:3.6568s, train loss:1928.1050, val loss:1306.0898, test loss:6970.5527
Evaluate cost:7.1750s 
 Top5: hr:0.0984, ndcg:0.0717 
 Top10: hr:0.1486, ndcg:0.0896 
 Top15: hr:0.1933, ndcg:0.1031
Epoch:59, compute loss cost:3.6192s, train loss:1908.3578, val loss:1294.0703, test loss:6902.6748
Evaluate cost:7.0557s 
 Top5: hr:0.0993, ndcg:0.0722 
 Top10: hr:0.1503, ndcg:0.0905 
 Top15: hr:0.1976, ndcg:0.1047
Epoch:60, compute loss cost:3.6836s, train loss:1891.9707, val loss:1282.6193, test loss:6838.4600
Evaluate cost:7.1575s 
 Top5: hr:0.1003, ndcg:0.0730 
 Top10: hr:0.1524, ndcg:0.0917 
 Top15: hr:0.2018, ndcg:0.1066
Epoch:61, compute loss cost:3.6754s, train loss:1867.5453, val loss:1272.1042, test loss:6777.6113
Evaluate cost:7.0723s 
 Top5: hr:0.1008, ndcg:0.0736 
 Top10: hr:0.1547, ndcg:0.0929 
 Top15: hr:0.2057, ndcg:0.1082
Epoch:62, compute loss cost:3.7663s, train loss:1850.7999, val loss:1262.2148, test loss:6719.5186
Evaluate cost:7.1483s 
 Top5: hr:0.1023, ndcg:0.0746 
 Top10: hr:0.1575, ndcg:0.0943 
 Top15: hr:0.2104, ndcg:0.1102
Epoch:63, compute loss cost:3.7920s, train loss:1830.0219, val loss:1252.6565, test loss:6664.4092
Evaluate cost:7.1750s 
 Top5: hr:0.1042, ndcg:0.0757 
 Top10: hr:0.1602, ndcg:0.0956 
 Top15: hr:0.2140, ndcg:0.1118
Epoch:64, compute loss cost:3.6068s, train loss:1815.6279, val loss:1243.1736, test loss:6611.1006
Evaluate cost:7.0846s 
 Top5: hr:0.1051, ndcg:0.0765 
 Top10: hr:0.1631, ndcg:0.0972 
 Top15: hr:0.2185, ndcg:0.1139
Epoch:65, compute loss cost:3.5109s, train loss:1795.1501, val loss:1234.1631, test loss:6560.6870
Evaluate cost:7.1440s 
 Top5: hr:0.1062, ndcg:0.0773 
 Top10: hr:0.1659, ndcg:0.0986 
 Top15: hr:0.2222, ndcg:0.1156
Epoch:66, compute loss cost:3.5863s, train loss:1783.9565, val loss:1225.5336, test loss:6511.3467
Evaluate cost:7.1003s 
 Top5: hr:0.1082, ndcg:0.0786 
 Top10: hr:0.1692, ndcg:0.1003 
 Top15: hr:0.2253, ndcg:0.1172
Epoch:67, compute loss cost:3.6044s, train loss:1766.8232, val loss:1217.6620, test loss:6465.2129
Evaluate cost:7.1647s 
 Top5: hr:0.1097, ndcg:0.0799 
 Top10: hr:0.1732, ndcg:0.1025 
 Top15: hr:0.2305, ndcg:0.1198
Epoch:68, compute loss cost:3.6922s, train loss:1751.7589, val loss:1210.0585, test loss:6420.8447
Evaluate cost:7.1175s 
 Top5: hr:0.1111, ndcg:0.0808 
 Top10: hr:0.1764, ndcg:0.1041 
 Top15: hr:0.2338, ndcg:0.1214
Epoch:69, compute loss cost:3.6105s, train loss:1736.2510, val loss:1202.4259, test loss:6377.6753
Evaluate cost:7.0834s 
 Top5: hr:0.1129, ndcg:0.0821 
 Top10: hr:0.1799, ndcg:0.1060 
 Top15: hr:0.2385, ndcg:0.1237
Epoch:70, compute loss cost:3.7313s, train loss:1721.6788, val loss:1195.3069, test loss:6336.3486
Evaluate cost:7.1731s 
 Top5: hr:0.1143, ndcg:0.0831 
 Top10: hr:0.1828, ndcg:0.1076 
 Top15: hr:0.2425, ndcg:0.1256
Epoch:71, compute loss cost:3.6392s, train loss:1707.3235, val loss:1188.0464, test loss:6296.9561
Evaluate cost:7.5905s 
 Top5: hr:0.1158, ndcg:0.0843 
 Top10: hr:0.1855, ndcg:0.1092 
 Top15: hr:0.2456, ndcg:0.1274
Epoch:72, compute loss cost:3.4613s, train loss:1698.2021, val loss:1181.1919, test loss:6258.1553
Evaluate cost:7.1292s 
 Top5: hr:0.1172, ndcg:0.0850 
 Top10: hr:0.1890, ndcg:0.1108 
 Top15: hr:0.2493, ndcg:0.1291
Epoch:73, compute loss cost:3.6705s, train loss:1682.5696, val loss:1174.7659, test loss:6220.6299
Evaluate cost:7.0801s 
 Top5: hr:0.1188, ndcg:0.0867 
 Top10: hr:0.1934, ndcg:0.1134 
 Top15: hr:0.2536, ndcg:0.1316
Epoch:74, compute loss cost:3.6448s, train loss:1669.8125, val loss:1168.6293, test loss:6184.6836
Evaluate cost:7.1608s 
 Top5: hr:0.1199, ndcg:0.0873 
 Top10: hr:0.1961, ndcg:0.1147 
 Top15: hr:0.2569, ndcg:0.1331
Epoch:75, compute loss cost:3.6429s, train loss:1660.2612, val loss:1162.6831, test loss:6150.0215
Evaluate cost:7.0820s 
 Top5: hr:0.1216, ndcg:0.0884 
 Top10: hr:0.1997, ndcg:0.1165 
 Top15: hr:0.2611, ndcg:0.1351
Epoch:76, compute loss cost:3.6351s, train loss:1647.2946, val loss:1156.9480, test loss:6117.6543
Evaluate cost:7.1873s 
 Top5: hr:0.1241, ndcg:0.0902 
 Top10: hr:0.2027, ndcg:0.1186 
 Top15: hr:0.2638, ndcg:0.1370
Epoch:77, compute loss cost:3.7281s, train loss:1636.1132, val loss:1151.7441, test loss:6086.3623
Evaluate cost:7.1817s 
 Top5: hr:0.1264, ndcg:0.0915 
 Top10: hr:0.2065, ndcg:0.1204 
 Top15: hr:0.2661, ndcg:0.1384
Epoch:78, compute loss cost:3.5964s, train loss:1627.2614, val loss:1146.4285, test loss:6056.0537
Evaluate cost:7.1697s 
 Top5: hr:0.1295, ndcg:0.0929 
 Top10: hr:0.2084, ndcg:0.1214 
 Top15: hr:0.2691, ndcg:0.1397
Epoch:79, compute loss cost:3.5692s, train loss:1616.4413, val loss:1141.3387, test loss:6026.6934
Evaluate cost:7.0926s 
 Top5: hr:0.1319, ndcg:0.0947 
 Top10: hr:0.2110, ndcg:0.1233 
 Top15: hr:0.2724, ndcg:0.1418
Epoch:80, compute loss cost:3.5950s, train loss:1604.0270, val loss:1136.5742, test loss:5998.5908
Evaluate cost:7.0983s 
 Top5: hr:0.1339, ndcg:0.0961 
 Top10: hr:0.2149, ndcg:0.1253 
 Top15: hr:0.2759, ndcg:0.1437
