Following will output the evaluation of the model:
Epoch:1, compute loss cost:31.9369s, train loss:6124.9395, val loss:3952.4695, test loss:21000.4219
Evaluate cost:8.5171s 
 Top5: hr:0.0834, ndcg:0.0783 
 Top10: hr:0.0967, ndcg:0.0825 
 Top15: hr:0.1049, ndcg:0.0849
Epoch:2, compute loss cost:4.1463s, train loss:6122.3081, val loss:3953.9912, test loss:20999.0195
Evaluate cost:7.2157s 
 Top5: hr:0.0843, ndcg:0.0796 
 Top10: hr:0.0981, ndcg:0.0840 
 Top15: hr:0.1070, ndcg:0.0866
Epoch:3, compute loss cost:4.2798s, train loss:6118.7334, val loss:3953.2161, test loss:20997.4531
Evaluate cost:7.2229s 
 Top5: hr:0.0803, ndcg:0.0759 
 Top10: hr:0.0950, ndcg:0.0806 
 Top15: hr:0.1033, ndcg:0.0830
Epoch:4, compute loss cost:4.1323s, train loss:6116.2964, val loss:3951.9165, test loss:20992.7930
Evaluate cost:7.1679s 
 Top5: hr:0.0804, ndcg:0.0755 
 Top10: hr:0.0938, ndcg:0.0799 
 Top15: hr:0.1022, ndcg:0.0823
Epoch:5, compute loss cost:4.2222s, train loss:6112.9019, val loss:3950.4087, test loss:20985.2383
Evaluate cost:7.0279s 
 Top5: hr:0.0810, ndcg:0.0761 
 Top10: hr:0.0944, ndcg:0.0803 
 Top15: hr:0.1041, ndcg:0.0831
Epoch:6, compute loss cost:4.2794s, train loss:6108.4272, val loss:3947.2058, test loss:20972.3027
Evaluate cost:7.1429s 
 Top5: hr:0.0816, ndcg:0.0765 
 Top10: hr:0.0959, ndcg:0.0810 
 Top15: hr:0.1054, ndcg:0.0839
Epoch:7, compute loss cost:4.2101s, train loss:6101.7388, val loss:3941.8035, test loss:20949.7930
Evaluate cost:7.1519s 
 Top5: hr:0.0831, ndcg:0.0774 
 Top10: hr:0.0972, ndcg:0.0819 
 Top15: hr:0.1078, ndcg:0.0851
Epoch:8, compute loss cost:4.2555s, train loss:6091.1855, val loss:3933.5454, test loss:20911.6602
Evaluate cost:7.0680s 
 Top5: hr:0.0538, ndcg:0.0493 
 Top10: hr:0.0667, ndcg:0.0535 
 Top15: hr:0.0766, ndcg:0.0564
Epoch:9, compute loss cost:4.0167s, train loss:6072.8833, val loss:3919.4243, test loss:20848.5547
Evaluate cost:7.1432s 
 Top5: hr:0.0633, ndcg:0.0619 
 Top10: hr:0.0749, ndcg:0.0656 
 Top15: hr:0.0855, ndcg:0.0688
Epoch:10, compute loss cost:4.1263s, train loss:6049.1567, val loss:3897.5732, test loss:20748.6953
Evaluate cost:7.0569s 
 Top5: hr:0.0962, ndcg:0.0912 
 Top10: hr:0.1134, ndcg:0.0968 
 Top15: hr:0.1295, ndcg:0.1015
Epoch:11, compute loss cost:4.2205s, train loss:6013.4082, val loss:3865.1587, test loss:20594.4648
Evaluate cost:7.1056s 
 Top5: hr:0.1031, ndcg:0.0947 
 Top10: hr:0.1254, ndcg:0.1022 
 Top15: hr:0.1437, ndcg:0.1077
Epoch:12, compute loss cost:4.1979s, train loss:5957.8398, val loss:3817.6221, test loss:20363.3105
Evaluate cost:7.0539s 
 Top5: hr:0.1011, ndcg:0.0881 
 Top10: hr:0.1303, ndcg:0.0983 
 Top15: hr:0.1511, ndcg:0.1045
Epoch:13, compute loss cost:4.2424s, train loss:5877.4062, val loss:3746.8760, test loss:20018.0781
Evaluate cost:7.1438s 
 Top5: hr:0.0974, ndcg:0.0803 
 Top10: hr:0.1349, ndcg:0.0936 
 Top15: hr:0.1621, ndcg:0.1017
Epoch:14, compute loss cost:4.1822s, train loss:5753.2534, val loss:3639.4033, test loss:19484.0352
Evaluate cost:7.3395s 
 Top5: hr:0.1111, ndcg:0.0904 
 Top10: hr:0.1537, ndcg:0.1055 
 Top15: hr:0.1865, ndcg:0.1154
Epoch:15, compute loss cost:4.2760s, train loss:5560.0605, val loss:3463.3926, test loss:18603.6035
Evaluate cost:7.5050s 
 Top5: hr:0.0900, ndcg:0.0701 
 Top10: hr:0.1322, ndcg:0.0852 
 Top15: hr:0.1650, ndcg:0.0952
Epoch:16, compute loss cost:4.1516s, train loss:5236.8032, val loss:3183.3918, test loss:17162.6543
Evaluate cost:7.1885s 
 Top5: hr:0.0322, ndcg:0.0226 
 Top10: hr:0.0585, ndcg:0.0319 
 Top15: hr:0.0825, ndcg:0.0391
Epoch:17, compute loss cost:4.1793s, train loss:4736.5967, val loss:2806.2405, test loss:15252.2539
Evaluate cost:7.0372s 
 Top5: hr:0.0647, ndcg:0.0463 
 Top10: hr:0.1030, ndcg:0.0601 
 Top15: hr:0.1351, ndcg:0.0696
Epoch:18, compute loss cost:4.1742s, train loss:4123.5908, val loss:2417.3428, test loss:13207.5518
Evaluate cost:7.0918s 
 Top5: hr:0.0726, ndcg:0.0542 
 Top10: hr:0.1106, ndcg:0.0677 
 Top15: hr:0.1426, ndcg:0.0772
Epoch:19, compute loss cost:4.2225s, train loss:3539.1863, val loss:2092.7009, test loss:11462.6172
Evaluate cost:7.5459s 
 Top5: hr:0.0716, ndcg:0.0533 
 Top10: hr:0.1100, ndcg:0.0670 
 Top15: hr:0.1423, ndcg:0.0766
Epoch:20, compute loss cost:4.1984s, train loss:3069.7771, val loss:1854.8315, test loss:10157.6074
Evaluate cost:7.1643s 
 Top5: hr:0.0722, ndcg:0.0537 
 Top10: hr:0.1131, ndcg:0.0681 
 Top15: hr:0.1458, ndcg:0.0779
Epoch:21, compute loss cost:4.2915s, train loss:2727.9270, val loss:1690.6350, test loss:9242.5840
Evaluate cost:7.0669s 
 Top5: hr:0.0741, ndcg:0.0550 
 Top10: hr:0.1149, ndcg:0.0696 
 Top15: hr:0.1507, ndcg:0.0803
Epoch:22, compute loss cost:4.2863s, train loss:2492.7615, val loss:1579.9684, test loss:8612.6328
Evaluate cost:7.1155s 
 Top5: hr:0.0831, ndcg:0.0615 
 Top10: hr:0.1289, ndcg:0.0777 
 Top15: hr:0.1625, ndcg:0.0878
Epoch:23, compute loss cost:4.2942s, train loss:2328.5627, val loss:1503.9625, test loss:8175.6660
Evaluate cost:7.5026s 
 Top5: hr:0.0238, ndcg:0.0145 
 Top10: hr:0.0578, ndcg:0.0266 
 Top15: hr:0.1037, ndcg:0.0402
Epoch:24, compute loss cost:4.0947s, train loss:2212.5295, val loss:1449.9390, test loss:7860.3657
Evaluate cost:7.1492s 
 Top5: hr:0.0272, ndcg:0.0166 
 Top10: hr:0.0705, ndcg:0.0319 
 Top15: hr:0.1230, ndcg:0.0475
Epoch:25, compute loss cost:4.0613s, train loss:2125.8350, val loss:1409.8624, test loss:7628.7236
Evaluate cost:7.0309s 
 Top5: hr:0.0820, ndcg:0.0602 
 Top10: hr:0.1329, ndcg:0.0784 
 Top15: hr:0.1752, ndcg:0.0911
Epoch:26, compute loss cost:4.2017s, train loss:2064.7217, val loss:1377.5480, test loss:7375.6235
Evaluate cost:7.1150s 
 Top5: hr:0.0866, ndcg:0.0627 
 Top10: hr:0.1406, ndcg:0.0819 
 Top15: hr:0.1808, ndcg:0.0941
Epoch:27, compute loss cost:4.1123s, train loss:2009.3208, val loss:1350.8350, test loss:7296.2344
Evaluate cost:7.0806s 
 Top5: hr:0.0894, ndcg:0.0642 
 Top10: hr:0.1463, ndcg:0.0846 
 Top15: hr:0.1909, ndcg:0.0980
Epoch:28, compute loss cost:4.1176s, train loss:1962.6599, val loss:1328.8358, test loss:7109.4053
Evaluate cost:7.0308s 
 Top5: hr:0.0930, ndcg:0.0663 
 Top10: hr:0.1536, ndcg:0.0880 
 Top15: hr:0.1975, ndcg:0.1013
Epoch:29, compute loss cost:4.2075s, train loss:1926.0594, val loss:1308.6156, test loss:6994.2510
Evaluate cost:7.1103s 
 Top5: hr:0.0971, ndcg:0.0690 
 Top10: hr:0.1602, ndcg:0.0917 
 Top15: hr:0.2059, ndcg:0.1055
Epoch:30, compute loss cost:4.2924s, train loss:1889.4497, val loss:1290.1613, test loss:6946.9551
Evaluate cost:7.0538s 
 Top5: hr:0.0632, ndcg:0.0391 
 Top10: hr:0.1398, ndcg:0.0668 
 Top15: hr:0.2049, ndcg:0.0864
Epoch:31, compute loss cost:4.0819s, train loss:1864.0494, val loss:1272.3273, test loss:6849.4072
Evaluate cost:7.0996s 
 Top5: hr:0.1086, ndcg:0.0772 
 Top10: hr:0.1749, ndcg:0.1012 
 Top15: hr:0.2251, ndcg:0.1163
Epoch:32, compute loss cost:4.2121s, train loss:1829.9757, val loss:1255.9425, test loss:6759.2534
Evaluate cost:7.0605s 
 Top5: hr:0.0982, ndcg:0.0631 
 Top10: hr:0.1835, ndcg:0.0939 
 Top15: hr:0.2438, ndcg:0.1122
Epoch:33, compute loss cost:4.1514s, train loss:1791.4261, val loss:1240.5063, test loss:6676.3169
Evaluate cost:7.1625s 
 Top5: hr:0.1293, ndcg:0.0932 
 Top10: hr:0.2013, ndcg:0.1191 
 Top15: hr:0.2496, ndcg:0.1337
Epoch:34, compute loss cost:4.0645s, train loss:1763.5850, val loss:1225.7573, test loss:6598.4668
Evaluate cost:7.0448s 
 Top5: hr:0.1245, ndcg:0.0899 
 Top10: hr:0.1970, ndcg:0.1161 
 Top15: hr:0.2473, ndcg:0.1313
Epoch:35, compute loss cost:4.1515s, train loss:1738.5367, val loss:1211.9067, test loss:6522.0889
Evaluate cost:7.0814s 
 Top5: hr:0.1136, ndcg:0.0720 
 Top10: hr:0.2061, ndcg:0.1058 
 Top15: hr:0.2695, ndcg:0.1250
Epoch:36, compute loss cost:4.2838s, train loss:1710.7510, val loss:1198.6104, test loss:6407.5850
Evaluate cost:7.0784s 
 Top5: hr:0.1363, ndcg:0.0987 
 Top10: hr:0.2157, ndcg:0.1273 
 Top15: hr:0.2688, ndcg:0.1433
Epoch:37, compute loss cost:4.2854s, train loss:1684.8372, val loss:1186.8699, test loss:6382.0732
Evaluate cost:7.0328s 
 Top5: hr:0.1446, ndcg:0.0992 
 Top10: hr:0.2281, ndcg:0.1295 
 Top15: hr:0.2879, ndcg:0.1476
Epoch:38, compute loss cost:4.2272s, train loss:1657.5134, val loss:1175.5986, test loss:6317.2822
Evaluate cost:7.1645s 
 Top5: hr:0.1357, ndcg:0.1011 
 Top10: hr:0.2128, ndcg:0.1290 
 Top15: hr:0.2679, ndcg:0.1456
Epoch:39, compute loss cost:4.0761s, train loss:1638.5062, val loss:1164.4972, test loss:6254.9360
Evaluate cost:7.0554s 
 Top5: hr:0.1465, ndcg:0.1077 
 Top10: hr:0.2276, ndcg:0.1370 
 Top15: hr:0.2842, ndcg:0.1542
Epoch:40, compute loss cost:4.2559s, train loss:1611.4542, val loss:1154.4647, test loss:6197.3496
Evaluate cost:7.0162s 
 Top5: hr:0.1399, ndcg:0.1046 
 Top10: hr:0.2179, ndcg:0.1326 
 Top15: hr:0.2715, ndcg:0.1489
Epoch:41, compute loss cost:4.1288s, train loss:1587.5632, val loss:1144.4717, test loss:6105.2969
Evaluate cost:7.0356s 
 Top5: hr:0.1479, ndcg:0.1106 
 Top10: hr:0.2285, ndcg:0.1396 
 Top15: hr:0.2839, ndcg:0.1564
Epoch:42, compute loss cost:4.2177s, train loss:1565.3354, val loss:1135.9099, test loss:6091.0781
Evaluate cost:7.0913s 
 Top5: hr:0.1425, ndcg:0.1069 
 Top10: hr:0.2216, ndcg:0.1353 
 Top15: hr:0.2763, ndcg:0.1519
Epoch:43, compute loss cost:4.0804s, train loss:1548.4518, val loss:1127.4889, test loss:6042.5513
Evaluate cost:7.0806s 
 Top5: hr:0.1423, ndcg:0.1072 
 Top10: hr:0.2218, ndcg:0.1358 
 Top15: hr:0.2783, ndcg:0.1529
Epoch:44, compute loss cost:4.0682s, train loss:1525.3031, val loss:1119.2356, test loss:5961.1211
Evaluate cost:7.0351s 
 Top5: hr:0.1668, ndcg:0.1219 
 Top10: hr:0.2569, ndcg:0.1545 
 Top15: hr:0.3171, ndcg:0.1727
Epoch:45, compute loss cost:4.2086s, train loss:1506.7046, val loss:1111.5276, test loss:5953.6094
Evaluate cost:7.1168s 
 Top5: hr:0.1854, ndcg:0.1319 
 Top10: hr:0.2894, ndcg:0.1695 
 Top15: hr:0.3578, ndcg:0.1902
Epoch:46, compute loss cost:4.3052s, train loss:1489.7227, val loss:1104.8779, test loss:5913.0967
Evaluate cost:7.0725s 
 Top5: hr:0.1465, ndcg:0.1090 
 Top10: hr:0.2221, ndcg:0.1362 
 Top15: hr:0.2807, ndcg:0.1539
Epoch:47, compute loss cost:4.0419s, train loss:1469.0908, val loss:1098.3872, test loss:5876.1055
Evaluate cost:7.1252s 
 Top5: hr:0.1451, ndcg:0.1086 
 Top10: hr:0.2214, ndcg:0.1361 
 Top15: hr:0.2805, ndcg:0.1539
Epoch:48, compute loss cost:4.1140s, train loss:1451.6395, val loss:1092.0137, test loss:5840.1309
Evaluate cost:7.0394s 
 Top5: hr:0.1445, ndcg:0.1080 
 Top10: hr:0.2206, ndcg:0.1355 
 Top15: hr:0.2815, ndcg:0.1538
Epoch:49, compute loss cost:4.2251s, train loss:1440.4912, val loss:1086.6670, test loss:5804.0342
Evaluate cost:7.1633s 
 Top5: hr:0.1654, ndcg:0.1218 
 Top10: hr:0.2540, ndcg:0.1537 
 Top15: hr:0.3153, ndcg:0.1723
Epoch:50, compute loss cost:4.1079s, train loss:1422.3929, val loss:1080.9735, test loss:5770.6826
Evaluate cost:7.5174s 
 Top5: hr:0.1438, ndcg:0.1082 
 Top10: hr:0.2196, ndcg:0.1355 
 Top15: hr:0.2810, ndcg:0.1539
Epoch:51, compute loss cost:4.1777s, train loss:1405.2827, val loss:1076.0022, test loss:5738.8794
Evaluate cost:7.0536s 
 Top5: hr:0.1670, ndcg:0.1226 
 Top10: hr:0.2533, ndcg:0.1536 
 Top15: hr:0.3165, ndcg:0.1727
Epoch:52, compute loss cost:4.0784s, train loss:1393.9713, val loss:1070.9733, test loss:5709.4346
Evaluate cost:7.1512s 
 Top5: hr:0.1463, ndcg:0.1108 
 Top10: hr:0.2280, ndcg:0.1402 
 Top15: hr:0.2879, ndcg:0.1582
Epoch:53, compute loss cost:4.1950s, train loss:1378.1101, val loss:1065.8864, test loss:5681.6504
Evaluate cost:7.0592s 
 Top5: hr:0.1414, ndcg:0.1061 
 Top10: hr:0.2175, ndcg:0.1334 
 Top15: hr:0.2774, ndcg:0.1514
Epoch:54, compute loss cost:4.1939s, train loss:1359.1465, val loss:1061.4866, test loss:5654.9580
Evaluate cost:7.0747s 
 Top5: hr:0.1407, ndcg:0.1053 
 Top10: hr:0.2164, ndcg:0.1324 
 Top15: hr:0.2757, ndcg:0.1502
Epoch:55, compute loss cost:4.2888s, train loss:1351.9852, val loss:1056.5186, test loss:5628.8096
Evaluate cost:7.0362s 
 Top5: hr:0.1402, ndcg:0.1046 
 Top10: hr:0.2167, ndcg:0.1320 
 Top15: hr:0.2751, ndcg:0.1496
Epoch:56, compute loss cost:4.1139s, train loss:1337.1268, val loss:1052.6011, test loss:5603.1543
Evaluate cost:7.1055s 
 Top5: hr:0.1777, ndcg:0.1296 
 Top10: hr:0.2687, ndcg:0.1623 
 Top15: hr:0.3301, ndcg:0.1810
Epoch:57, compute loss cost:4.0759s, train loss:1317.6783, val loss:1048.9966, test loss:5579.7671
Evaluate cost:7.0338s 
 Top5: hr:0.1665, ndcg:0.1217 
 Top10: hr:0.2533, ndcg:0.1530 
 Top15: hr:0.3140, ndcg:0.1714
Epoch:58, compute loss cost:4.2162s, train loss:1304.7883, val loss:1045.2903, test loss:5557.6606
Evaluate cost:7.0196s 
 Top5: hr:0.1820, ndcg:0.1334 
 Top10: hr:0.2750, ndcg:0.1669 
 Top15: hr:0.3409, ndcg:0.1868
Epoch:59, compute loss cost:4.1553s, train loss:1291.4388, val loss:1041.9778, test loss:5511.7998
Evaluate cost:7.1113s 
 Top5: hr:0.2226, ndcg:0.1646 
 Top10: hr:0.3268, ndcg:0.2025 
 Top15: hr:0.4021, ndcg:0.2252
Epoch:60, compute loss cost:4.1414s, train loss:1278.5889, val loss:1039.0471, test loss:5516.3042
Evaluate cost:7.0348s 
 Top5: hr:0.1358, ndcg:0.1004 
 Top10: hr:0.2126, ndcg:0.1280 
 Top15: hr:0.2705, ndcg:0.1452
Epoch:61, compute loss cost:4.1562s, train loss:1264.0444, val loss:1035.5148, test loss:5471.7627
Evaluate cost:7.1353s 
 Top5: hr:0.1521, ndcg:0.1119 
 Top10: hr:0.2380, ndcg:0.1426 
 Top15: hr:0.2970, ndcg:0.1603
Epoch:62, compute loss cost:4.1467s, train loss:1253.0499, val loss:1032.2571, test loss:5454.0327
Evaluate cost:7.0372s 
 Top5: hr:0.1326, ndcg:0.0984 
 Top10: hr:0.2109, ndcg:0.1264 
 Top15: hr:0.2676, ndcg:0.1434
Epoch:63, compute loss cost:4.1421s, train loss:1241.8560, val loss:1029.6290, test loss:5461.8057
Evaluate cost:7.0729s 
 Top5: hr:0.1338, ndcg:0.0988 
 Top10: hr:0.2095, ndcg:0.1259 
 Top15: hr:0.2677, ndcg:0.1433
Epoch:64, compute loss cost:4.0404s, train loss:1225.3353, val loss:1026.5093, test loss:5444.2412
Evaluate cost:7.0983s 
 Top5: hr:0.1333, ndcg:0.0985 
 Top10: hr:0.2087, ndcg:0.1255 
 Top15: hr:0.2660, ndcg:0.1426
Epoch:65, compute loss cost:4.2297s, train loss:1227.5703, val loss:1023.7184, test loss:5427.4346
Evaluate cost:7.0601s 
 Top5: hr:0.1753, ndcg:0.1277 
 Top10: hr:0.2679, ndcg:0.1611 
 Top15: hr:0.3299, ndcg:0.1798
Epoch:66, compute loss cost:4.2168s, train loss:1206.4108, val loss:1021.1312, test loss:5412.2998
Evaluate cost:7.0471s 
 Top5: hr:0.1305, ndcg:0.0964 
 Top10: hr:0.2059, ndcg:0.1236 
 Top15: hr:0.2625, ndcg:0.1405
Epoch:67, compute loss cost:4.2856s, train loss:1191.5325, val loss:1018.5359, test loss:5397.0889
Evaluate cost:7.1259s 
 Top5: hr:0.1607, ndcg:0.1172 
 Top10: hr:0.2493, ndcg:0.1490 
 Top15: hr:0.3084, ndcg:0.1670
Epoch:68, compute loss cost:4.1560s, train loss:1176.6560, val loss:1016.4727, test loss:5361.5459
Evaluate cost:7.0606s 
 Top5: hr:0.1294, ndcg:0.0957 
 Top10: hr:0.2044, ndcg:0.1226 
 Top15: hr:0.2612, ndcg:0.1396
Epoch:69, compute loss cost:4.2054s, train loss:1170.5455, val loss:1014.1353, test loss:5371.0859
Evaluate cost:7.0510s 
 Top5: hr:0.1287, ndcg:0.0956 
 Top10: hr:0.2047, ndcg:0.1228 
 Top15: hr:0.2612, ndcg:0.1397
Epoch:70, compute loss cost:4.0397s, train loss:1156.3915, val loss:1011.5937, test loss:5358.3066
Evaluate cost:7.1372s 
 Top5: hr:0.1283, ndcg:0.0950 
 Top10: hr:0.2032, ndcg:0.1220 
 Top15: hr:0.2613, ndcg:0.1392
Epoch:71, compute loss cost:4.1911s, train loss:1144.4592, val loss:1009.2034, test loss:5324.6147
Evaluate cost:7.0462s 
 Top5: hr:0.1527, ndcg:0.1131 
 Top10: hr:0.2389, ndcg:0.1440 
 Top15: hr:0.2986, ndcg:0.1620
Epoch:72, compute loss cost:4.3765s, train loss:1129.1536, val loss:1006.9999, test loss:5331.7817
Evaluate cost:7.1190s 
 Top5: hr:0.1264, ndcg:0.0936 
 Top10: hr:0.2031, ndcg:0.1211 
 Top15: hr:0.2586, ndcg:0.1377
Epoch:73, compute loss cost:4.0978s, train loss:1116.5844, val loss:1004.7209, test loss:5320.3931
Evaluate cost:7.0296s 
 Top5: hr:0.1243, ndcg:0.0915 
 Top10: hr:0.1981, ndcg:0.1178 
 Top15: hr:0.2539, ndcg:0.1345
Epoch:74, compute loss cost:4.0787s, train loss:1111.5205, val loss:1002.9269, test loss:5292.3535
Evaluate cost:7.0492s 
 Top5: hr:0.1259, ndcg:0.0933 
 Top10: hr:0.2008, ndcg:0.1201 
 Top15: hr:0.2572, ndcg:0.1370
Epoch:75, compute loss cost:4.2482s, train loss:1088.2083, val loss:1000.6434, test loss:5280.7988
Evaluate cost:7.1437s 
 Top5: hr:0.1258, ndcg:0.0931 
 Top10: hr:0.2010, ndcg:0.1200 
 Top15: hr:0.2583, ndcg:0.1371
Epoch:76, compute loss cost:4.1574s, train loss:1080.5298, val loss:998.9119, test loss:5288.6074
Evaluate cost:7.0510s 
 Top5: hr:0.2336, ndcg:0.1748 
 Top10: hr:0.3434, ndcg:0.2145 
 Top15: hr:0.4175, ndcg:0.2369
Epoch:77, compute loss cost:4.2154s, train loss:1070.9998, val loss:996.9501, test loss:5278.9717
Evaluate cost:7.5806s 
 Top5: hr:0.1505, ndcg:0.1091 
 Top10: hr:0.2348, ndcg:0.1392 
 Top15: hr:0.2947, ndcg:0.1573
Epoch:78, compute loss cost:4.0403s, train loss:1051.9296, val loss:995.2380, test loss:5271.0786
Evaluate cost:7.0779s 
 Top5: hr:0.1618, ndcg:0.1183 
 Top10: hr:0.2500, ndcg:0.1498 
 Top15: hr:0.3115, ndcg:0.1684
Epoch:79, compute loss cost:4.2759s, train loss:1049.3389, val loss:993.7769, test loss:5262.4844
Evaluate cost:7.0625s 
 Top5: hr:0.1579, ndcg:0.1145 
 Top10: hr:0.2453, ndcg:0.1459 
 Top15: hr:0.3073, ndcg:0.1646
Epoch:80, compute loss cost:4.2146s, train loss:1032.0879, val loss:991.8407, test loss:5256.4414
Evaluate cost:7.1112s 
 Top5: hr:0.1229, ndcg:0.0908 
 Top10: hr:0.1988, ndcg:0.1179 
 Top15: hr:0.2551, ndcg:0.1347
